build/app/outputs/logs/manifest-merger-debug-report.txt
-- Merging decision tree log ---
manifest
ADDED from src/main/AndroidManifest.xml:1:1-41:12
INJECTED from src/main/AndroidManifest.xml:1:1-41:12
INJECTED from src/main/AndroidManifest.xml:1:1-41:12
INJECTED from src/main/AndroidManifest.xml:1:1-41:12
MERGED from [:flutter_secure_storage] AndroidManifest.xml:2:1-11:12
INJECTED from src/main/AndroidManifest.xml:1:1-41:12
INJECTED from src/main/AndroidManifest.xml:1:1-41:12
INJECTED from src/main/AndroidManifest.xml:1:1-41:12
	package
		ADDED from src/main/AndroidManifest.xml:2:5-30
		INJECTED from src/main/AndroidManifest.xml
		INJECTED from src/main/AndroidManifest.xml
	android:versionName
		INJECTED from src/main/AndroidManifest.xml
		ADDED from src/main/AndroidManifest.xml:1:1-41:12
		INJECTED from src/main/AndroidManifest.xml
	android:versionCode
		INJECTED from src/main/AndroidManifest.xml
		ADDED from src/main/AndroidManifest.xml:1:1-41:12
		INJECTED from src/main/AndroidManifest.xml
	xmlns:android
		ADDED from src/main/AndroidManifest.xml:1:11-69
uses-permission#android.permission.INTERNET
ADDED from src/main/AndroidManifest.xml:8:5-66
	android:name
		ADDED from src/main/AndroidManifest.xml:8:22-64
uses-sdk
ADDED from src/main/AndroidManifest.xml:9:5-43
INJECTED from src/main/AndroidManifest.xml:9:5-43
INJECTED from src/main/AndroidManifest.xml:9:5-43
MERGED from [:flutter_secure_storage] AndroidManifest.xml:7:5-9:41
MERGED from [:flutter_secure_storage] AndroidManifest.xml:7:5-9:41
INJECTED from src/main/AndroidManifest.xml:9:5-43
INJECTED from src/main/AndroidManifest.xml:9:5-43
	android:targetSdkVersion
		INJECTED from src/main/AndroidManifest.xml
		ADDED from src/main/AndroidManifest.xml:9:5-43
		INJECTED from src/main/AndroidManifest.xml
	android:minSdkVersion
		ADDED from src/main/AndroidManifest.xml:9:15-41
		INJECTED from src/main/AndroidManifest.xml
		INJECTED from src/main/AndroidManifest.xml
application
ADDED from src/main/AndroidManifest.xml:16:5-40:19
	android:label
		ADDED from src/main/AndroidManifest.xml:18:9-28
	android:icon
		ADDED from src/main/AndroidManifest.xml:19:9-43
	android:allowBackup
		ADDED from src/main/AndroidManifest.xml:20:9-36
	android:name
		ADDED from src/main/AndroidManifest.xml:17:9-57
activity#com.example.app.MainActivity
ADDED from src/main/AndroidManifest.xml:21:9-39:20
	android:launchMode
		ADDED from src/main/AndroidManifest.xml:23:13-43
	android:hardwareAccelerated
		ADDED from src/main/AndroidManifest.xml:26:13-47
	android:windowSoftInputMode
		ADDED from src/main/AndroidManifest.xml:27:13-55
	android:configChanges
		ADDED from src/main/AndroidManifest.xml:25:13-137
	android:theme
		ADDED from src/main/AndroidManifest.xml:24:13-47
	android:name
		ADDED from src/main/AndroidManifest.xml:22:13-41
meta-data#io.flutter.app.android.SplashScreenUntilFirstFrame
ADDED from src/main/AndroidManifest.xml:32:13-34:40
	android:value
		ADDED from src/main/AndroidManifest.xml:34:17-37
	android:name
		ADDED from src/main/AndroidManifest.xml:33:17-82
intent-filter#action:name:android.intent.action.MAIN+category:name:android.intent.category.LAUNCHER
ADDED from src/main/AndroidManifest.xml:35:13-38:29
action#android.intent.action.MAIN
ADDED from src/main/AndroidManifest.xml:36:17-68
	android:name
		ADDED from src/main/AndroidManifest.xml:36:25-66
category#android.intent.category.LAUNCHER
ADDED from src/main/AndroidManifest.xml:37:17-76
	android:name
		ADDED from src/main/AndroidManifest.xml:37:27-74